[ 11%] Built target gtest
[ 22%] Built target gtest_main
[ 27%] [32mBuilding CXX object src/lib/CMakeFiles/velodyne_rawdata.dir/calibration.cpp.o[0m
[ 44%] Built target velodyne_cloud_types
[01m[K/home/jeongil/ros_foxy_ws/velodyne_ws/src/velodyne-ros2/velodyne_pointcloud/src/lib/calibration.cpp:33:10:[m[K [01;31m[Kfatal error: [m[Kyaml-cpp/yaml.h: 그런 파일이나 디렉터리가 없습니다
   33 | #include [01;31m[K<yaml-cpp/yaml.h>[m[K
      |          [01;31m[K^~~~~~~~~~~~~~~~~[m[K
compilation terminated.
make[2]: *** [src/lib/CMakeFiles/velodyne_rawdata.dir/build.make:76: src/lib/CMakeFiles/velodyne_rawdata.dir/calibration.cpp.o] 오류 1
make[1]: *** [CMakeFiles/Makefile2:284: src/lib/CMakeFiles/velodyne_rawdata.dir/all] 오류 2
make[1]: *** 끝나지 않은 작업을 기다리고 있습니다....
[ 55%] Built target test_row_step
make: *** [Makefile:141: all] 오류 2
